INFO	[2015-07-19 04:24:07:437] <15213> START INIPHP cancel (V5036-141209)(OS:Linux3.13.0-44-generic,PHP:5.5.9-1ubuntu4.11)
DEBUG	[2015-07-19 04:24:07:437] <15213> inipayhome:/var/www/html/linux_camp/wordpress/INIpay50
DEBUG	[2015-07-19 04:24:07:437] <15213> type:cancel
DEBUG	[2015-07-19 04:24:07:437] <15213> debug:true
DEBUG	[2015-07-19 04:24:07:437] <15213> mid:
DEBUG	[2015-07-19 04:24:07:437] <15213> admin:1111
DEBUG	[2015-07-19 04:24:07:437] <15213> tid:
DEBUG	[2015-07-19 04:24:07:437] <15213> cancelmsg:
ERROR	[2015-07-19 04:24:07:442] <15213> 필수항목(mid)이 누락되었습니다.
INFO	[2015-07-19 04:24:07:442] <15213> END cancel [TX9202|필수항목(mid)이 누락되었습니다.] Laptime:[0.005sec]
INFO	[2015-07-19 04:24:07:442] <15213> ===============================================================
INFO	[2015-07-19 12:47:18:509] <16341> START INIPHP cancel (V5036-141209)(OS:Linux3.13.0-44-generic,PHP:5.5.9-1ubuntu4.11)
DEBUG	[2015-07-19 12:47:18:509] <16341> inipayhome:/var/www/html/linux_camp/wordpress/INIpay50
DEBUG	[2015-07-19 12:47:18:509] <16341> type:cancel
DEBUG	[2015-07-19 12:47:18:509] <16341> debug:true
DEBUG	[2015-07-19 12:47:18:509] <16341> mid:
DEBUG	[2015-07-19 12:47:18:509] <16341> admin:1111
DEBUG	[2015-07-19 12:47:18:509] <16341> tid:
DEBUG	[2015-07-19 12:47:18:509] <16341> cancelmsg:
ERROR	[2015-07-19 12:47:18:519] <16341> 필수항목(mid)이 누락되었습니다.
INFO	[2015-07-19 12:47:18:519] <16341> END cancel [TX9202|필수항목(mid)이 누락되었습니다.] Laptime:[0.014sec]
INFO	[2015-07-19 12:47:18:519] <16341> ===============================================================
