INFO	[2015-07-15 14:23:17:195] <4323> START INIPHP securepay (V5036-141209)(OS:Linux3.13.0-44-generic,PHP:5.5.9-1ubuntu4.11)
DEBUG	[2015-07-15 14:23:17:195] <4323> inipayhome:/var/www/html/linux_camp/wordpress/INIpay50
DEBUG	[2015-07-15 14:23:17:195] <4323> type:securepay
DEBUG	[2015-07-15 14:23:17:195] <4323> pgid:INIphp
DEBUG	[2015-07-15 14:23:17:195] <4323> subpgip:203.238.3.10
DEBUG	[2015-07-15 14:23:17:195] <4323> admin:
DEBUG	[2015-07-15 14:23:17:195] <4323> debug:true
DEBUG	[2015-07-15 14:23:17:195] <4323> uid:
DEBUG	[2015-07-15 14:23:17:195] <4323> goodname:Ï∂ïÍµ¨Í≥µ
DEBUG	[2015-07-15 14:23:17:195] <4323> currency:WON
DEBUG	[2015-07-15 14:23:17:195] <4323> mid:
DEBUG	[2015-07-15 14:23:17:195] <4323> rn:
DEBUG	[2015-07-15 14:23:17:195] <4323> price:
DEBUG	[2015-07-15 14:23:17:195] <4323> enctype:
DEBUG	[2015-07-15 14:23:17:195] <4323> buyername:ÌôçÍ∏∏Îèô
DEBUG	[2015-07-15 14:23:17:195] <4323> buyertel:011-123-1234
DEBUG	[2015-07-15 14:23:17:195] <4323> buyeremail:hkd@abcd.com
DEBUG	[2015-07-15 14:23:17:195] <4323> paymethod:
DEBUG	[2015-07-15 14:23:17:195] <4323> encrypted:
DEBUG	[2015-07-15 14:23:17:195] <4323> sessionkey:
DEBUG	[2015-07-15 14:23:17:195] <4323> url:http://www.your_domain.co.kr
DEBUG	[2015-07-15 14:23:17:195] <4323> cardcode:
DEBUG	[2015-07-15 14:23:17:195] <4323> parentemail:parents@parents.com
DEBUG	[2015-07-15 14:23:17:195] <4323> recvname:
DEBUG	[2015-07-15 14:23:17:195] <4323> recvtel:
DEBUG	[2015-07-15 14:23:17:195] <4323> recvaddr:
DEBUG	[2015-07-15 14:23:17:195] <4323> recvpostnum:
DEBUG	[2015-07-15 14:23:17:195] <4323> recvmsg:
DEBUG	[2015-07-15 14:23:17:195] <4323> joincard:
DEBUG	[2015-07-15 14:23:17:195] <4323> joinexpire:
DEBUG	[2015-07-15 14:23:17:195] <4323> id_customer:
ERROR	[2015-07-15 14:23:17:205] <4323> « ºˆ«◊∏Ò(mid)¿Ã ¥©∂Ùµ«æ˙Ω¿¥œ¥Ÿ.
INFO	[2015-07-15 14:23:17:205] <4323> END securepay [TX9202|« ºˆ«◊∏Ò(mid)¿Ã ¥©∂Ùµ«æ˙Ω¿¥œ¥Ÿ.] Laptime:[0.01sec]
INFO	[2015-07-15 14:23:17:205] <4323> ===============================================================
